Info: Starting: Create block symbol file (.bsf)
Info: qsys-generate /media/sf_SF2/ml/omicrob/targets/nios/platforms/extended/qsys/nios_128k_extended.qsys --block-symbol-file --output-directory=/media/sf_SF2/ml/omicrob/targets/nios/platforms/extended/qsys/nios_128k_extended --family="MAX 10" --part=10M50DAF484C6GES
Progress: Loading qsys/nios_128k_extended.qsys
Progress: Reading input file
Progress: Adding GCD [GCD 1.0]
Progress: Parameterizing module GCD
Progress: Adding button [altera_avalon_pio 15.1]
Progress: Parameterizing module button
Progress: Adding clk [clock_source 15.1]
Progress: Parameterizing module clk
Progress: Adding cpu [altera_nios2_gen2 15.1]
Progress: Parameterizing module cpu
Progress: Adding hex0 [altera_avalon_pio 15.1]
Progress: Parameterizing module hex0
Progress: Adding hex1 [altera_avalon_pio 15.1]
Progress: Parameterizing module hex1
Progress: Adding hex2 [altera_avalon_pio 15.1]
Progress: Parameterizing module hex2
Progress: Adding hex3 [altera_avalon_pio 15.1]
Progress: Parameterizing module hex3
Progress: Adding hex4 [altera_avalon_pio 15.1]
Progress: Parameterizing module hex4
Progress: Adding hex5 [altera_avalon_pio 15.1]
Progress: Parameterizing module hex5
Progress: Adding jtag_uart [altera_avalon_jtag_uart 15.1]
Progress: Parameterizing module jtag_uart
Progress: Adding led [altera_avalon_pio 15.1]
Progress: Parameterizing module led
Progress: Adding onchip_memory [altera_avalon_onchip_memory2 15.1]
Progress: Parameterizing module onchip_memory
Progress: Adding switch [altera_avalon_pio 15.1]
Progress: Parameterizing module switch
Progress: Adding timer [altera_avalon_timer 15.1]
Progress: Parameterizing module timer
Progress: Building connections
Progress: Parameterizing connections
Progress: Validating
Progress: Done reading input file
Info: nios_128k_extended.button: PIO inputs are not hardwired in test bench. Undefined values will be read from PIO inputs during simulation.
Info: nios_128k_extended.switch: PIO inputs are not hardwired in test bench. Undefined values will be read from PIO inputs during simulation.
Info: qsys-generate succeeded.
Info: Finished: Create block symbol file (.bsf)
Info: 
Info: Starting: Create HDL design files for synthesis
Info: qsys-generate /media/sf_SF2/ml/omicrob/targets/nios/platforms/extended/qsys/nios_128k_extended.qsys --synthesis=VERILOG --output-directory=/media/sf_SF2/ml/omicrob/targets/nios/platforms/extended/qsys/nios_128k_extended/synthesis --family="MAX 10" --part=10M50DAF484C6GES
Progress: Loading qsys/nios_128k_extended.qsys
Progress: Reading input file
Progress: Adding GCD [GCD 1.0]
Progress: Parameterizing module GCD
Progress: Adding button [altera_avalon_pio 15.1]
Progress: Parameterizing module button
Progress: Adding clk [clock_source 15.1]
Progress: Parameterizing module clk
Progress: Adding cpu [altera_nios2_gen2 15.1]
Progress: Parameterizing module cpu
Progress: Adding hex0 [altera_avalon_pio 15.1]
Progress: Parameterizing module hex0
Progress: Adding hex1 [altera_avalon_pio 15.1]
Progress: Parameterizing module hex1
Progress: Adding hex2 [altera_avalon_pio 15.1]
Progress: Parameterizing module hex2
Progress: Adding hex3 [altera_avalon_pio 15.1]
Progress: Parameterizing module hex3
Progress: Adding hex4 [altera_avalon_pio 15.1]
Progress: Parameterizing module hex4
Progress: Adding hex5 [altera_avalon_pio 15.1]
Progress: Parameterizing module hex5
Progress: Adding jtag_uart [altera_avalon_jtag_uart 15.1]
Progress: Parameterizing module jtag_uart
Progress: Adding led [altera_avalon_pio 15.1]
Progress: Parameterizing module led
Progress: Adding onchip_memory [altera_avalon_onchip_memory2 15.1]
Progress: Parameterizing module onchip_memory
Progress: Adding switch [altera_avalon_pio 15.1]
Progress: Parameterizing module switch
Progress: Adding timer [altera_avalon_timer 15.1]
Progress: Parameterizing module timer
Progress: Building connections
Progress: Parameterizing connections
Progress: Validating
Progress: Done reading input file
Info: nios_128k_extended.button: PIO inputs are not hardwired in test bench. Undefined values will be read from PIO inputs during simulation.
Info: nios_128k_extended.switch: PIO inputs are not hardwired in test bench. Undefined values will be read from PIO inputs during simulation.
Info: nios_128k_extended: Generating nios_128k_extended "nios_128k_extended" for QUARTUS_SYNTH
Warning: nios_128k_extended: "No matching role found for cpu_custom_instruction_master_multi_xconnect:ci_slave:ci_slave_ipending (ipending)"
Warning: nios_128k_extended: "No matching role found for cpu_custom_instruction_master_multi_xconnect:ci_slave:ci_slave_estatus (estatus)"
Info: GCD: "nios_128k_extended" instantiated GCD "GCD"
Info: button: Starting RTL generation for module 'nios_128k_extended_button'
Info: button:   Generation command is [exec /home/js/altera/15.1/quartus/linux64/perl/bin/perl -I /home/js/altera/15.1/quartus/linux64/perl/lib -I /home/js/altera/15.1/quartus/sopc_builder/bin/europa -I /home/js/altera/15.1/quartus/sopc_builder/bin/perl_lib -I /home/js/altera/15.1/quartus/sopc_builder/bin -I /home/js/altera/15.1/quartus/../ip/altera/sopc_builder_ip/common -I /home/js/altera/15.1/quartus/../ip/altera/sopc_builder_ip/altera_avalon_pio -- /home/js/altera/15.1/quartus/../ip/altera/sopc_builder_ip/altera_avalon_pio/generate_rtl.pl --name=nios_128k_extended_button --dir=/tmp/alt8460_7016454532827858419.dir/0002_button_gen/ --quartus_dir=/home/js/altera/15.1/quartus --verilog --config=/tmp/alt8460_7016454532827858419.dir/0002_button_gen//nios_128k_extended_button_component_configuration.pl  --do_build_sim=0  ]
Info: button: Done RTL generation for module 'nios_128k_extended_button'
Info: button: "nios_128k_extended" instantiated altera_avalon_pio "button"
Info: cpu: "nios_128k_extended" instantiated altera_nios2_gen2 "cpu"
Info: hex0: Starting RTL generation for module 'nios_128k_extended_hex0'
Info: hex0:   Generation command is [exec /home/js/altera/15.1/quartus/linux64/perl/bin/perl -I /home/js/altera/15.1/quartus/linux64/perl/lib -I /home/js/altera/15.1/quartus/sopc_builder/bin/europa -I /home/js/altera/15.1/quartus/sopc_builder/bin/perl_lib -I /home/js/altera/15.1/quartus/sopc_builder/bin -I /home/js/altera/15.1/quartus/../ip/altera/sopc_builder_ip/common -I /home/js/altera/15.1/quartus/../ip/altera/sopc_builder_ip/altera_avalon_pio -- /home/js/altera/15.1/quartus/../ip/altera/sopc_builder_ip/altera_avalon_pio/generate_rtl.pl --name=nios_128k_extended_hex0 --dir=/tmp/alt8460_7016454532827858419.dir/0003_hex0_gen/ --quartus_dir=/home/js/altera/15.1/quartus --verilog --config=/tmp/alt8460_7016454532827858419.dir/0003_hex0_gen//nios_128k_extended_hex0_component_configuration.pl  --do_build_sim=0  ]
Info: hex0: Done RTL generation for module 'nios_128k_extended_hex0'
Info: hex0: "nios_128k_extended" instantiated altera_avalon_pio "hex0"
Info: jtag_uart: Starting RTL generation for module 'nios_128k_extended_jtag_uart'
Info: jtag_uart:   Generation command is [exec /home/js/altera/15.1/quartus/linux64/perl/bin/perl -I /home/js/altera/15.1/quartus/linux64/perl/lib -I /home/js/altera/15.1/quartus/sopc_builder/bin/europa -I /home/js/altera/15.1/quartus/sopc_builder/bin/perl_lib -I /home/js/altera/15.1/quartus/sopc_builder/bin -I /home/js/altera/15.1/quartus/../ip/altera/sopc_builder_ip/common -I /home/js/altera/15.1/quartus/../ip/altera/sopc_builder_ip/altera_avalon_jtag_uart -- /home/js/altera/15.1/quartus/../ip/altera/sopc_builder_ip/altera_avalon_jtag_uart/generate_rtl.pl --name=nios_128k_extended_jtag_uart --dir=/tmp/alt8460_7016454532827858419.dir/0004_jtag_uart_gen/ --quartus_dir=/home/js/altera/15.1/quartus --verilog --config=/tmp/alt8460_7016454532827858419.dir/0004_jtag_uart_gen//nios_128k_extended_jtag_uart_component_configuration.pl  --do_build_sim=0  ]
Info: jtag_uart: Done RTL generation for module 'nios_128k_extended_jtag_uart'
Info: jtag_uart: "nios_128k_extended" instantiated altera_avalon_jtag_uart "jtag_uart"
Info: led: Starting RTL generation for module 'nios_128k_extended_led'
Info: led:   Generation command is [exec /home/js/altera/15.1/quartus/linux64/perl/bin/perl -I /home/js/altera/15.1/quartus/linux64/perl/lib -I /home/js/altera/15.1/quartus/sopc_builder/bin/europa -I /home/js/altera/15.1/quartus/sopc_builder/bin/perl_lib -I /home/js/altera/15.1/quartus/sopc_builder/bin -I /home/js/altera/15.1/quartus/../ip/altera/sopc_builder_ip/common -I /home/js/altera/15.1/quartus/../ip/altera/sopc_builder_ip/altera_avalon_pio -- /home/js/altera/15.1/quartus/../ip/altera/sopc_builder_ip/altera_avalon_pio/generate_rtl.pl --name=nios_128k_extended_led --dir=/tmp/alt8460_7016454532827858419.dir/0005_led_gen/ --quartus_dir=/home/js/altera/15.1/quartus --verilog --config=/tmp/alt8460_7016454532827858419.dir/0005_led_gen//nios_128k_extended_led_component_configuration.pl  --do_build_sim=0  ]
Info: led: Done RTL generation for module 'nios_128k_extended_led'
Info: led: "nios_128k_extended" instantiated altera_avalon_pio "led"
Info: onchip_memory: Starting RTL generation for module 'nios_128k_extended_onchip_memory'
Info: onchip_memory:   Generation command is [exec /home/js/altera/15.1/quartus/linux64/perl/bin/perl -I /home/js/altera/15.1/quartus/linux64/perl/lib -I /home/js/altera/15.1/quartus/sopc_builder/bin/europa -I /home/js/altera/15.1/quartus/sopc_builder/bin/perl_lib -I /home/js/altera/15.1/quartus/sopc_builder/bin -I /home/js/altera/15.1/quartus/../ip/altera/sopc_builder_ip/common -I /home/js/altera/15.1/quartus/../ip/altera/sopc_builder_ip/altera_avalon_onchip_memory2 -- /home/js/altera/15.1/quartus/../ip/altera/sopc_builder_ip/altera_avalon_onchip_memory2/generate_rtl.pl --name=nios_128k_extended_onchip_memory --dir=/tmp/alt8460_7016454532827858419.dir/0006_onchip_memory_gen/ --quartus_dir=/home/js/altera/15.1/quartus --verilog --config=/tmp/alt8460_7016454532827858419.dir/0006_onchip_memory_gen//nios_128k_extended_onchip_memory_component_configuration.pl  --do_build_sim=0  ]
Info: onchip_memory: Done RTL generation for module 'nios_128k_extended_onchip_memory'
Info: onchip_memory: "nios_128k_extended" instantiated altera_avalon_onchip_memory2 "onchip_memory"
Info: switch: Starting RTL generation for module 'nios_128k_extended_switch'
Info: switch:   Generation command is [exec /home/js/altera/15.1/quartus/linux64/perl/bin/perl -I /home/js/altera/15.1/quartus/linux64/perl/lib -I /home/js/altera/15.1/quartus/sopc_builder/bin/europa -I /home/js/altera/15.1/quartus/sopc_builder/bin/perl_lib -I /home/js/altera/15.1/quartus/sopc_builder/bin -I /home/js/altera/15.1/quartus/../ip/altera/sopc_builder_ip/common -I /home/js/altera/15.1/quartus/../ip/altera/sopc_builder_ip/altera_avalon_pio -- /home/js/altera/15.1/quartus/../ip/altera/sopc_builder_ip/altera_avalon_pio/generate_rtl.pl --name=nios_128k_extended_switch --dir=/tmp/alt8460_7016454532827858419.dir/0007_switch_gen/ --quartus_dir=/home/js/altera/15.1/quartus --verilog --config=/tmp/alt8460_7016454532827858419.dir/0007_switch_gen//nios_128k_extended_switch_component_configuration.pl  --do_build_sim=0  ]
Info: switch: Done RTL generation for module 'nios_128k_extended_switch'
Info: switch: "nios_128k_extended" instantiated altera_avalon_pio "switch"
Info: timer: Starting RTL generation for module 'nios_128k_extended_timer'
Info: timer:   Generation command is [exec /home/js/altera/15.1/quartus/linux64//perl/bin/perl -I /home/js/altera/15.1/quartus/linux64//perl/lib -I /home/js/altera/15.1/quartus/sopc_builder/bin/europa -I /home/js/altera/15.1/quartus/sopc_builder/bin/perl_lib -I /home/js/altera/15.1/quartus/sopc_builder/bin -I /home/js/altera/15.1/quartus/../ip/altera/sopc_builder_ip/common -I /home/js/altera/15.1/quartus/../ip/altera/sopc_builder_ip/altera_avalon_timer -- /home/js/altera/15.1/quartus/../ip/altera/sopc_builder_ip/altera_avalon_timer/generate_rtl.pl --name=nios_128k_extended_timer --dir=/tmp/alt8460_7016454532827858419.dir/0008_timer_gen/ --quartus_dir=/home/js/altera/15.1/quartus --verilog --config=/tmp/alt8460_7016454532827858419.dir/0008_timer_gen//nios_128k_extended_timer_component_configuration.pl  --do_build_sim=0  ]
Info: timer: Done RTL generation for module 'nios_128k_extended_timer'
Info: timer: "nios_128k_extended" instantiated altera_avalon_timer "timer"
Info: cpu_custom_instruction_master_translator: "nios_128k_extended" instantiated altera_customins_master_translator "cpu_custom_instruction_master_translator"
Info: cpu_custom_instruction_master_multi_xconnect: "nios_128k_extended" instantiated altera_customins_xconnect "cpu_custom_instruction_master_multi_xconnect"
Info: cpu_custom_instruction_master_multi_slave_translator0: "nios_128k_extended" instantiated altera_customins_slave_translator "cpu_custom_instruction_master_multi_slave_translator0"
Info: avalon_st_adapter: Inserting error_adapter: error_adapter_0
Info: avalon_st_adapter_001: Inserting error_adapter: error_adapter_0
Info: avalon_st_adapter_002: Inserting error_adapter: error_adapter_0
Info: avalon_st_adapter_003: Inserting error_adapter: error_adapter_0
Info: avalon_st_adapter_004: Inserting error_adapter: error_adapter_0
Info: avalon_st_adapter_005: Inserting error_adapter: error_adapter_0
Info: avalon_st_adapter_006: Inserting error_adapter: error_adapter_0
Info: avalon_st_adapter_007: Inserting error_adapter: error_adapter_0
Info: avalon_st_adapter_008: Inserting error_adapter: error_adapter_0
Info: avalon_st_adapter_009: Inserting error_adapter: error_adapter_0
Info: avalon_st_adapter_010: Inserting error_adapter: error_adapter_0
Info: avalon_st_adapter_011: Inserting error_adapter: error_adapter_0
Info: avalon_st_adapter_012: Inserting error_adapter: error_adapter_0
Info: mm_interconnect_0: "nios_128k_extended" instantiated altera_mm_interconnect "mm_interconnect_0"
Info: irq_mapper: "nios_128k_extended" instantiated altera_irq_mapper "irq_mapper"
Info: rst_controller: "nios_128k_extended" instantiated altera_reset_controller "rst_controller"
Info: cpu: Starting RTL generation for module 'nios_128k_extended_cpu_cpu'
Info: cpu:   Generation command is [exec /home/js/altera/15.1/quartus/linux64//eperlcmd -I /home/js/altera/15.1/quartus/linux64//perl/lib -I /home/js/altera/15.1/quartus/sopc_builder/bin/europa -I /home/js/altera/15.1/quartus/sopc_builder/bin/perl_lib -I /home/js/altera/15.1/quartus/sopc_builder/bin -I /home/js/altera/15.1/quartus/../ip/altera/nios2_ip/altera_nios2_gen2/cpu_lib -I /home/js/altera/15.1/quartus/../ip/altera/nios2_ip/altera_nios2_gen2/nios_lib -I /home/js/altera/15.1/quartus/../ip/altera/nios2_ip/altera_nios2_gen2 -I /home/js/altera/15.1/quartus/../ip/altera/nios2_ip/altera_nios2_gen2 -- /home/js/altera/15.1/quartus/../ip/altera/nios2_ip/altera_nios2_gen2/generate_rtl.epl --name=nios_128k_extended_cpu_cpu --dir=/tmp/alt8460_7016454532827858419.dir/0012_cpu_gen/ --quartus_bindir=/home/js/altera/15.1/quartus/linux64/ --verilog --config=/tmp/alt8460_7016454532827858419.dir/0012_cpu_gen//nios_128k_extended_cpu_cpu_processor_configuration.pl  --do_build_sim=0  ]
Info: cpu: # 2020.07.17 17:05:07 (*) Starting Nios II generation
Info: cpu: # 2020.07.17 17:05:07 (*)   Checking for plaintext license.
Info: cpu: # 2020.07.17 17:05:18 (*)   Couldn't query license setup in Quartus directory /home/js/altera/15.1/quartus/linux64/
Info: cpu: # 2020.07.17 17:05:18 (*)   Defaulting to contents of LM_LICENSE_FILE environment variable
Info: cpu: # 2020.07.17 17:05:18 (*)   LM_LICENSE_FILE environment variable is empty
Info: cpu: # 2020.07.17 17:05:19 (*)   Plaintext license not found.
Info: cpu: # 2020.07.17 17:05:19 (*)   No license required to generate encrypted Nios II/e.
Info: cpu: # 2020.07.17 17:05:19 (*)   Elaborating CPU configuration settings
Info: cpu: # 2020.07.17 17:05:19 (*)   Creating all objects for CPU
Info: cpu: # 2020.07.17 17:05:20 (*)   Generating RTL from CPU objects
Info: cpu: # 2020.07.17 17:05:20 (*)   Creating plain-text RTL
Info: cpu: # 2020.07.17 17:05:22 (*) Done Nios II generation
Info: cpu: Done RTL generation for module 'nios_128k_extended_cpu_cpu'
Info: cpu: "cpu" instantiated altera_nios2_gen2_unit "cpu"
Info: cpu_data_master_translator: "mm_interconnect_0" instantiated altera_merlin_master_translator "cpu_data_master_translator"
Info: jtag_uart_avalon_jtag_slave_translator: "mm_interconnect_0" instantiated altera_merlin_slave_translator "jtag_uart_avalon_jtag_slave_translator"
Info: cpu_data_master_agent: "mm_interconnect_0" instantiated altera_merlin_master_agent "cpu_data_master_agent"
Info: jtag_uart_avalon_jtag_slave_agent: "mm_interconnect_0" instantiated altera_merlin_slave_agent "jtag_uart_avalon_jtag_slave_agent"
Info: jtag_uart_avalon_jtag_slave_agent_rsp_fifo: "mm_interconnect_0" instantiated altera_avalon_sc_fifo "jtag_uart_avalon_jtag_slave_agent_rsp_fifo"
Info: router: "mm_interconnect_0" instantiated altera_merlin_router "router"
Info: router_001: "mm_interconnect_0" instantiated altera_merlin_router "router_001"
Info: router_002: "mm_interconnect_0" instantiated altera_merlin_router "router_002"
Info: router_003: "mm_interconnect_0" instantiated altera_merlin_router "router_003"
Info: cmd_demux: "mm_interconnect_0" instantiated altera_merlin_demultiplexer "cmd_demux"
Info: cmd_demux_001: "mm_interconnect_0" instantiated altera_merlin_demultiplexer "cmd_demux_001"
Info: cmd_mux: "mm_interconnect_0" instantiated altera_merlin_multiplexer "cmd_mux"
Info: cmd_mux_001: "mm_interconnect_0" instantiated altera_merlin_multiplexer "cmd_mux_001"
Info: Reusing file /media/sf_SF2/ml/omicrob/targets/nios/platforms/extended/qsys/nios_128k_extended/synthesis/submodules/altera_merlin_arbitrator.sv
Info: rsp_demux: "mm_interconnect_0" instantiated altera_merlin_demultiplexer "rsp_demux"
Info: rsp_mux: "mm_interconnect_0" instantiated altera_merlin_multiplexer "rsp_mux"
Info: Reusing file /media/sf_SF2/ml/omicrob/targets/nios/platforms/extended/qsys/nios_128k_extended/synthesis/submodules/altera_merlin_arbitrator.sv
Info: rsp_mux_001: "mm_interconnect_0" instantiated altera_merlin_multiplexer "rsp_mux_001"
Info: Reusing file /media/sf_SF2/ml/omicrob/targets/nios/platforms/extended/qsys/nios_128k_extended/synthesis/submodules/altera_merlin_arbitrator.sv
Info: avalon_st_adapter: "mm_interconnect_0" instantiated altera_avalon_st_adapter "avalon_st_adapter"
Info: error_adapter_0: "avalon_st_adapter" instantiated error_adapter "error_adapter_0"
Info: nios_128k_extended: Done "nios_128k_extended" with 35 modules, 47 files
Info: qsys-generate succeeded.
Info: Finished: Create HDL design files for synthesis
