Info: Starting: Create block symbol file (.bsf)
Info: qsys-generate /media/sf_SF2/ml/O2B/platforms/altera/lists/qsys/platform.qsys --block-symbol-file --output-directory=/media/sf_SF2/ml/O2B/platforms/altera/lists/qsys/platform --family="MAX 10" --part=10M50DAF484C6GES
Progress: Loading qsys/platform.qsys
Progress: Reading input file
Progress: Adding clk [clock_source 15.1]
Progress: Parameterizing module clk
Progress: Adding cpu [altera_nios2_gen2 15.1]
Progress: Parameterizing module cpu
Progress: Adding jtag_uart [altera_avalon_jtag_uart 15.1]
Progress: Parameterizing module jtag_uart
Progress: Adding lred_cc_0 [lred_cc 1.0]
Progress: Parameterizing module lred_cc_0
Progress: Adding onchip_memory [altera_avalon_onchip_memory2 15.1]
Progress: Parameterizing module onchip_memory
Progress: Adding sys_timer [altera_avalon_timer 15.1]
Progress: Parameterizing module sys_timer
Progress: Building connections
Progress: Parameterizing connections
Progress: Validating
Progress: Done reading input file
Info: qsys-generate succeeded.
Info: Finished: Create block symbol file (.bsf)
Info: 
Info: Starting: Create HDL design files for synthesis
Info: qsys-generate /media/sf_SF2/ml/O2B/platforms/altera/lists/qsys/platform.qsys --synthesis=VHDL --output-directory=/media/sf_SF2/ml/O2B/platforms/altera/lists/qsys/platform/synthesis --family="MAX 10" --part=10M50DAF484C6GES
Progress: Loading qsys/platform.qsys
Progress: Reading input file
Progress: Adding clk [clock_source 15.1]
Progress: Parameterizing module clk
Progress: Adding cpu [altera_nios2_gen2 15.1]
Progress: Parameterizing module cpu
Progress: Adding jtag_uart [altera_avalon_jtag_uart 15.1]
Progress: Parameterizing module jtag_uart
Progress: Adding lred_cc_0 [lred_cc 1.0]
Progress: Parameterizing module lred_cc_0
Progress: Adding onchip_memory [altera_avalon_onchip_memory2 15.1]
Progress: Parameterizing module onchip_memory
Progress: Adding sys_timer [altera_avalon_timer 15.1]
Progress: Parameterizing module sys_timer
Progress: Building connections
Progress: Parameterizing connections
Progress: Validating
Progress: Done reading input file
Info: platform: Generating platform "platform" for QUARTUS_SYNTH
Info: cpu: "platform" instantiated altera_nios2_gen2 "cpu"
Info: jtag_uart: Starting RTL generation for module 'platform_jtag_uart'
Info: jtag_uart:   Generation command is [exec /home/js/altera/15.1.0/quartus/linux64/perl/bin/perl -I /home/js/altera/15.1.0/quartus/linux64/perl/lib -I /home/js/altera/15.1.0/quartus/sopc_builder/bin/europa -I /home/js/altera/15.1.0/quartus/sopc_builder/bin/perl_lib -I /home/js/altera/15.1.0/quartus/sopc_builder/bin -I /home/js/altera/15.1.0/quartus/../ip/altera/sopc_builder_ip/common -I /home/js/altera/15.1.0/quartus/../ip/altera/sopc_builder_ip/altera_avalon_jtag_uart -- /home/js/altera/15.1.0/quartus/../ip/altera/sopc_builder_ip/altera_avalon_jtag_uart/generate_rtl.pl --name=platform_jtag_uart --dir=/tmp/alt8817_8522587517857294645.dir/0002_jtag_uart_gen/ --quartus_dir=/home/js/altera/15.1.0/quartus --verilog --config=/tmp/alt8817_8522587517857294645.dir/0002_jtag_uart_gen//platform_jtag_uart_component_configuration.pl  --do_build_sim=0  ]
Info: jtag_uart: Done RTL generation for module 'platform_jtag_uart'
Info: jtag_uart: "platform" instantiated altera_avalon_jtag_uart "jtag_uart"
Info: lred_cc_0: "platform" instantiated lred_cc "lred_cc_0"
Info: onchip_memory: Starting RTL generation for module 'platform_onchip_memory'
Info: onchip_memory:   Generation command is [exec /home/js/altera/15.1.0/quartus/linux64/perl/bin/perl -I /home/js/altera/15.1.0/quartus/linux64/perl/lib -I /home/js/altera/15.1.0/quartus/sopc_builder/bin/europa -I /home/js/altera/15.1.0/quartus/sopc_builder/bin/perl_lib -I /home/js/altera/15.1.0/quartus/sopc_builder/bin -I /home/js/altera/15.1.0/quartus/../ip/altera/sopc_builder_ip/common -I /home/js/altera/15.1.0/quartus/../ip/altera/sopc_builder_ip/altera_avalon_onchip_memory2 -- /home/js/altera/15.1.0/quartus/../ip/altera/sopc_builder_ip/altera_avalon_onchip_memory2/generate_rtl.pl --name=platform_onchip_memory --dir=/tmp/alt8817_8522587517857294645.dir/0004_onchip_memory_gen/ --quartus_dir=/home/js/altera/15.1.0/quartus --verilog --config=/tmp/alt8817_8522587517857294645.dir/0004_onchip_memory_gen//platform_onchip_memory_component_configuration.pl  --do_build_sim=0  ]
Info: onchip_memory: Done RTL generation for module 'platform_onchip_memory'
Info: onchip_memory: "platform" instantiated altera_avalon_onchip_memory2 "onchip_memory"
Info: sys_timer: Starting RTL generation for module 'platform_sys_timer'
Info: sys_timer:   Generation command is [exec /home/js/altera/15.1.0/quartus/linux64//perl/bin/perl -I /home/js/altera/15.1.0/quartus/linux64//perl/lib -I /home/js/altera/15.1.0/quartus/sopc_builder/bin/europa -I /home/js/altera/15.1.0/quartus/sopc_builder/bin/perl_lib -I /home/js/altera/15.1.0/quartus/sopc_builder/bin -I /home/js/altera/15.1.0/quartus/../ip/altera/sopc_builder_ip/common -I /home/js/altera/15.1.0/quartus/../ip/altera/sopc_builder_ip/altera_avalon_timer -- /home/js/altera/15.1.0/quartus/../ip/altera/sopc_builder_ip/altera_avalon_timer/generate_rtl.pl --name=platform_sys_timer --dir=/tmp/alt8817_8522587517857294645.dir/0005_sys_timer_gen/ --quartus_dir=/home/js/altera/15.1.0/quartus --verilog --config=/tmp/alt8817_8522587517857294645.dir/0005_sys_timer_gen//platform_sys_timer_component_configuration.pl  --do_build_sim=0  ]
Info: sys_timer: Done RTL generation for module 'platform_sys_timer'
Info: sys_timer: "platform" instantiated altera_avalon_timer "sys_timer"
Info: avalon_st_adapter: Inserting error_adapter: error_adapter_0
Info: avalon_st_adapter_001: Inserting error_adapter: error_adapter_0
Info: avalon_st_adapter_002: Inserting error_adapter: error_adapter_0
Info: avalon_st_adapter_003: Inserting error_adapter: error_adapter_0
Info: avalon_st_adapter_004: Inserting error_adapter: error_adapter_0
Info: mm_interconnect_0: "platform" instantiated altera_mm_interconnect "mm_interconnect_0"
Info: irq_mapper: "platform" instantiated altera_irq_mapper "irq_mapper"
Info: rst_controller: "platform" instantiated altera_reset_controller "rst_controller"
Info: cpu: Starting RTL generation for module 'platform_cpu_cpu'
Info: cpu:   Generation command is [exec /home/js/altera/15.1.0/quartus/linux64//eperlcmd -I /home/js/altera/15.1.0/quartus/linux64//perl/lib -I /home/js/altera/15.1.0/quartus/sopc_builder/bin/europa -I /home/js/altera/15.1.0/quartus/sopc_builder/bin/perl_lib -I /home/js/altera/15.1.0/quartus/sopc_builder/bin -I /home/js/altera/15.1.0/quartus/../ip/altera/nios2_ip/altera_nios2_gen2/cpu_lib -I /home/js/altera/15.1.0/quartus/../ip/altera/nios2_ip/altera_nios2_gen2/nios_lib -I /home/js/altera/15.1.0/quartus/../ip/altera/nios2_ip/altera_nios2_gen2 -I /home/js/altera/15.1.0/quartus/../ip/altera/nios2_ip/altera_nios2_gen2 -- /home/js/altera/15.1.0/quartus/../ip/altera/nios2_ip/altera_nios2_gen2/generate_rtl.epl --name=platform_cpu_cpu --dir=/tmp/alt8817_8522587517857294645.dir/0008_cpu_gen/ --quartus_bindir=/home/js/altera/15.1.0/quartus/linux64/ --verilog --config=/tmp/alt8817_8522587517857294645.dir/0008_cpu_gen//platform_cpu_cpu_processor_configuration.pl  --do_build_sim=0  ]
Info: cpu: # 2021.07.09 17:21:15 (*) Starting Nios II generation
Info: cpu: # 2021.07.09 17:21:15 (*)   Checking for plaintext license.
Info: cpu: # 2021.07.09 17:21:26 (*)   Plaintext license not found.
Info: cpu: # 2021.07.09 17:21:26 (*)   No license required to generate encrypted Nios II/e.
Info: cpu: # 2021.07.09 17:21:26 (*)   Elaborating CPU configuration settings
Info: cpu: # 2021.07.09 17:21:26 (*)   Creating all objects for CPU
Info: cpu: # 2021.07.09 17:21:27 (*)   Generating RTL from CPU objects
Info: cpu: # 2021.07.09 17:21:27 (*)   Creating plain-text RTL
Info: cpu: # 2021.07.09 17:21:29 (*) Done Nios II generation
Info: cpu: Done RTL generation for module 'platform_cpu_cpu'
Info: cpu: "cpu" instantiated altera_nios2_gen2_unit "cpu"
Info: cpu_data_master_translator: "mm_interconnect_0" instantiated altera_merlin_master_translator "cpu_data_master_translator"
Info: jtag_uart_avalon_jtag_slave_translator: "mm_interconnect_0" instantiated altera_merlin_slave_translator "jtag_uart_avalon_jtag_slave_translator"
Info: cpu_data_master_agent: "mm_interconnect_0" instantiated altera_merlin_master_agent "cpu_data_master_agent"
Info: jtag_uart_avalon_jtag_slave_agent: "mm_interconnect_0" instantiated altera_merlin_slave_agent "jtag_uart_avalon_jtag_slave_agent"
Info: jtag_uart_avalon_jtag_slave_agent_rsp_fifo: "mm_interconnect_0" instantiated altera_avalon_sc_fifo "jtag_uart_avalon_jtag_slave_agent_rsp_fifo"
Info: router: "mm_interconnect_0" instantiated altera_merlin_router "router"
Info: router_001: "mm_interconnect_0" instantiated altera_merlin_router "router_001"
Info: router_002: "mm_interconnect_0" instantiated altera_merlin_router "router_002"
Info: router_003: "mm_interconnect_0" instantiated altera_merlin_router "router_003"
Info: router_004: "mm_interconnect_0" instantiated altera_merlin_router "router_004"
Info: router_006: "mm_interconnect_0" instantiated altera_merlin_router "router_006"
Info: cmd_demux: "mm_interconnect_0" instantiated altera_merlin_demultiplexer "cmd_demux"
Info: cmd_demux_001: "mm_interconnect_0" instantiated altera_merlin_demultiplexer "cmd_demux_001"
Info: cmd_demux_002: "mm_interconnect_0" instantiated altera_merlin_demultiplexer "cmd_demux_002"
Info: cmd_mux: "mm_interconnect_0" instantiated altera_merlin_multiplexer "cmd_mux"
Info: cmd_mux_001: "mm_interconnect_0" instantiated altera_merlin_multiplexer "cmd_mux_001"
Info: Reusing file /media/sf_SF2/ml/O2B/platforms/altera/lists/qsys/platform/synthesis/submodules/altera_merlin_arbitrator.sv
Info: cmd_mux_003: "mm_interconnect_0" instantiated altera_merlin_multiplexer "cmd_mux_003"
Info: Reusing file /media/sf_SF2/ml/O2B/platforms/altera/lists/qsys/platform/synthesis/submodules/altera_merlin_arbitrator.sv
Info: rsp_demux_003: "mm_interconnect_0" instantiated altera_merlin_demultiplexer "rsp_demux_003"
Info: rsp_mux: "mm_interconnect_0" instantiated altera_merlin_multiplexer "rsp_mux"
Info: Reusing file /media/sf_SF2/ml/O2B/platforms/altera/lists/qsys/platform/synthesis/submodules/altera_merlin_arbitrator.sv
Info: rsp_mux_001: "mm_interconnect_0" instantiated altera_merlin_multiplexer "rsp_mux_001"
Info: Reusing file /media/sf_SF2/ml/O2B/platforms/altera/lists/qsys/platform/synthesis/submodules/altera_merlin_arbitrator.sv
Info: rsp_mux_002: "mm_interconnect_0" instantiated altera_merlin_multiplexer "rsp_mux_002"
Info: Reusing file /media/sf_SF2/ml/O2B/platforms/altera/lists/qsys/platform/synthesis/submodules/altera_merlin_arbitrator.sv
Info: avalon_st_adapter: "mm_interconnect_0" instantiated altera_avalon_st_adapter "avalon_st_adapter"
Info: error_adapter_0: "avalon_st_adapter" instantiated error_adapter "error_adapter_0"
Info: platform: Done "platform" with 33 modules, 46 files
Info: qsys-generate succeeded.
Info: Finished: Create HDL design files for synthesis
