Info: Starting: Create block symbol file (.bsf)
Info: qsys-generate /media/sf_SF2/ml/O2B/platforms/quartus/basic/qsys/platform.qsys --block-symbol-file --output-directory=/media/sf_SF2/ml/O2B/platforms/quartus/basic/qsys/platform --family="MAX 10" --part=10M50DAF484C6GES
Progress: Loading qsys/platform.qsys
Progress: Reading input file
Progress: Adding button [altera_avalon_pio 15.1]
Progress: Parameterizing module button
Progress: Adding clk [clock_source 15.1]
Progress: Parameterizing module clk
Progress: Adding cpu [altera_nios2_gen2 15.1]
Progress: Parameterizing module cpu
Progress: Adding hex0 [altera_avalon_pio 15.1]
Progress: Parameterizing module hex0
Progress: Adding hex1 [altera_avalon_pio 15.1]
Progress: Parameterizing module hex1
Progress: Adding hex2 [altera_avalon_pio 15.1]
Progress: Parameterizing module hex2
Progress: Adding hex3 [altera_avalon_pio 15.1]
Progress: Parameterizing module hex3
Progress: Adding hex4 [altera_avalon_pio 15.1]
Progress: Parameterizing module hex4
Progress: Adding hex5 [altera_avalon_pio 15.1]
Progress: Parameterizing module hex5
Progress: Adding jtag_uart [altera_avalon_jtag_uart 15.1]
Progress: Parameterizing module jtag_uart
Progress: Adding led [altera_avalon_pio 15.1]
Progress: Parameterizing module led
Progress: Adding onchip_memory [altera_avalon_onchip_memory2 15.1]
Progress: Parameterizing module onchip_memory
Progress: Adding switch [altera_avalon_pio 15.1]
Progress: Parameterizing module switch
Progress: Adding sys_id [altera_avalon_sysid_qsys 15.1]
Progress: Parameterizing module sys_id
Progress: Adding sys_timer [altera_avalon_timer 15.1]
Progress: Parameterizing module sys_timer
Progress: Building connections
Progress: Parameterizing connections
Progress: Validating
Progress: Done reading input file
Info: platform.button: PIO inputs are not hardwired in test bench. Undefined values will be read from PIO inputs during simulation.
Info: platform.switch: PIO inputs are not hardwired in test bench. Undefined values will be read from PIO inputs during simulation.
Info: platform.sys_id: System ID is not assigned automatically. Edit the System ID parameter to provide a unique ID
Info: platform.sys_id: Time stamp will be automatically updated when this component is generated.
Info: qsys-generate succeeded.
Info: Finished: Create block symbol file (.bsf)
Info: 
Info: Starting: Create HDL design files for synthesis
Info: qsys-generate /media/sf_SF2/ml/O2B/platforms/quartus/basic/qsys/platform.qsys --synthesis=VHDL --output-directory=/media/sf_SF2/ml/O2B/platforms/quartus/basic/qsys/platform/synthesis --family="MAX 10" --part=10M50DAF484C6GES
Progress: Loading qsys/platform.qsys
Progress: Reading input file
Progress: Adding button [altera_avalon_pio 15.1]
Progress: Parameterizing module button
Progress: Adding clk [clock_source 15.1]
Progress: Parameterizing module clk
Progress: Adding cpu [altera_nios2_gen2 15.1]
Progress: Parameterizing module cpu
Progress: Adding hex0 [altera_avalon_pio 15.1]
Progress: Parameterizing module hex0
Progress: Adding hex1 [altera_avalon_pio 15.1]
Progress: Parameterizing module hex1
Progress: Adding hex2 [altera_avalon_pio 15.1]
Progress: Parameterizing module hex2
Progress: Adding hex3 [altera_avalon_pio 15.1]
Progress: Parameterizing module hex3
Progress: Adding hex4 [altera_avalon_pio 15.1]
Progress: Parameterizing module hex4
Progress: Adding hex5 [altera_avalon_pio 15.1]
Progress: Parameterizing module hex5
Progress: Adding jtag_uart [altera_avalon_jtag_uart 15.1]
Progress: Parameterizing module jtag_uart
Progress: Adding led [altera_avalon_pio 15.1]
Progress: Parameterizing module led
Progress: Adding onchip_memory [altera_avalon_onchip_memory2 15.1]
Progress: Parameterizing module onchip_memory
Progress: Adding switch [altera_avalon_pio 15.1]
Progress: Parameterizing module switch
Progress: Adding sys_id [altera_avalon_sysid_qsys 15.1]
Progress: Parameterizing module sys_id
Progress: Adding sys_timer [altera_avalon_timer 15.1]
Progress: Parameterizing module sys_timer
Progress: Building connections
Progress: Parameterizing connections
Progress: Validating
Progress: Done reading input file
Info: platform.button: PIO inputs are not hardwired in test bench. Undefined values will be read from PIO inputs during simulation.
Info: platform.switch: PIO inputs are not hardwired in test bench. Undefined values will be read from PIO inputs during simulation.
Info: platform.sys_id: System ID is not assigned automatically. Edit the System ID parameter to provide a unique ID
Info: platform.sys_id: Time stamp will be automatically updated when this component is generated.
Info: platform: Generating platform "platform" for QUARTUS_SYNTH
Info: button: Starting RTL generation for module 'platform_button'
Info: button:   Generation command is [exec /home/js/altera/15.1.0/quartus/linux64/perl/bin/perl -I /home/js/altera/15.1.0/quartus/linux64/perl/lib -I /home/js/altera/15.1.0/quartus/sopc_builder/bin/europa -I /home/js/altera/15.1.0/quartus/sopc_builder/bin/perl_lib -I /home/js/altera/15.1.0/quartus/sopc_builder/bin -I /home/js/altera/15.1.0/quartus/../ip/altera/sopc_builder_ip/common -I /home/js/altera/15.1.0/quartus/../ip/altera/sopc_builder_ip/altera_avalon_pio -- /home/js/altera/15.1.0/quartus/../ip/altera/sopc_builder_ip/altera_avalon_pio/generate_rtl.pl --name=platform_button --dir=/tmp/alt8816_5118012060594566487.dir/0001_button_gen/ --quartus_dir=/home/js/altera/15.1.0/quartus --verilog --config=/tmp/alt8816_5118012060594566487.dir/0001_button_gen//platform_button_component_configuration.pl  --do_build_sim=0  ]
Info: button: Done RTL generation for module 'platform_button'
Info: button: "platform" instantiated altera_avalon_pio "button"
Info: cpu: "platform" instantiated altera_nios2_gen2 "cpu"
Info: hex0: Starting RTL generation for module 'platform_hex0'
Info: hex0:   Generation command is [exec /home/js/altera/15.1.0/quartus/linux64/perl/bin/perl -I /home/js/altera/15.1.0/quartus/linux64/perl/lib -I /home/js/altera/15.1.0/quartus/sopc_builder/bin/europa -I /home/js/altera/15.1.0/quartus/sopc_builder/bin/perl_lib -I /home/js/altera/15.1.0/quartus/sopc_builder/bin -I /home/js/altera/15.1.0/quartus/../ip/altera/sopc_builder_ip/common -I /home/js/altera/15.1.0/quartus/../ip/altera/sopc_builder_ip/altera_avalon_pio -- /home/js/altera/15.1.0/quartus/../ip/altera/sopc_builder_ip/altera_avalon_pio/generate_rtl.pl --name=platform_hex0 --dir=/tmp/alt8816_5118012060594566487.dir/0002_hex0_gen/ --quartus_dir=/home/js/altera/15.1.0/quartus --verilog --config=/tmp/alt8816_5118012060594566487.dir/0002_hex0_gen//platform_hex0_component_configuration.pl  --do_build_sim=0  ]
Info: hex0: Done RTL generation for module 'platform_hex0'
Info: hex0: "platform" instantiated altera_avalon_pio "hex0"
Info: jtag_uart: Starting RTL generation for module 'platform_jtag_uart'
Info: jtag_uart:   Generation command is [exec /home/js/altera/15.1.0/quartus/linux64/perl/bin/perl -I /home/js/altera/15.1.0/quartus/linux64/perl/lib -I /home/js/altera/15.1.0/quartus/sopc_builder/bin/europa -I /home/js/altera/15.1.0/quartus/sopc_builder/bin/perl_lib -I /home/js/altera/15.1.0/quartus/sopc_builder/bin -I /home/js/altera/15.1.0/quartus/../ip/altera/sopc_builder_ip/common -I /home/js/altera/15.1.0/quartus/../ip/altera/sopc_builder_ip/altera_avalon_jtag_uart -- /home/js/altera/15.1.0/quartus/../ip/altera/sopc_builder_ip/altera_avalon_jtag_uart/generate_rtl.pl --name=platform_jtag_uart --dir=/tmp/alt8816_5118012060594566487.dir/0003_jtag_uart_gen/ --quartus_dir=/home/js/altera/15.1.0/quartus --verilog --config=/tmp/alt8816_5118012060594566487.dir/0003_jtag_uart_gen//platform_jtag_uart_component_configuration.pl  --do_build_sim=0  ]
Info: jtag_uart: Done RTL generation for module 'platform_jtag_uart'
Info: jtag_uart: "platform" instantiated altera_avalon_jtag_uart "jtag_uart"
Info: led: Starting RTL generation for module 'platform_led'
Info: led:   Generation command is [exec /home/js/altera/15.1.0/quartus/linux64/perl/bin/perl -I /home/js/altera/15.1.0/quartus/linux64/perl/lib -I /home/js/altera/15.1.0/quartus/sopc_builder/bin/europa -I /home/js/altera/15.1.0/quartus/sopc_builder/bin/perl_lib -I /home/js/altera/15.1.0/quartus/sopc_builder/bin -I /home/js/altera/15.1.0/quartus/../ip/altera/sopc_builder_ip/common -I /home/js/altera/15.1.0/quartus/../ip/altera/sopc_builder_ip/altera_avalon_pio -- /home/js/altera/15.1.0/quartus/../ip/altera/sopc_builder_ip/altera_avalon_pio/generate_rtl.pl --name=platform_led --dir=/tmp/alt8816_5118012060594566487.dir/0004_led_gen/ --quartus_dir=/home/js/altera/15.1.0/quartus --verilog --config=/tmp/alt8816_5118012060594566487.dir/0004_led_gen//platform_led_component_configuration.pl  --do_build_sim=0  ]
Info: led: Done RTL generation for module 'platform_led'
Info: led: "platform" instantiated altera_avalon_pio "led"
Info: onchip_memory: Starting RTL generation for module 'platform_onchip_memory'
Info: onchip_memory:   Generation command is [exec /home/js/altera/15.1.0/quartus/linux64/perl/bin/perl -I /home/js/altera/15.1.0/quartus/linux64/perl/lib -I /home/js/altera/15.1.0/quartus/sopc_builder/bin/europa -I /home/js/altera/15.1.0/quartus/sopc_builder/bin/perl_lib -I /home/js/altera/15.1.0/quartus/sopc_builder/bin -I /home/js/altera/15.1.0/quartus/../ip/altera/sopc_builder_ip/common -I /home/js/altera/15.1.0/quartus/../ip/altera/sopc_builder_ip/altera_avalon_onchip_memory2 -- /home/js/altera/15.1.0/quartus/../ip/altera/sopc_builder_ip/altera_avalon_onchip_memory2/generate_rtl.pl --name=platform_onchip_memory --dir=/tmp/alt8816_5118012060594566487.dir/0005_onchip_memory_gen/ --quartus_dir=/home/js/altera/15.1.0/quartus --verilog --config=/tmp/alt8816_5118012060594566487.dir/0005_onchip_memory_gen//platform_onchip_memory_component_configuration.pl  --do_build_sim=0  ]
Info: onchip_memory: Done RTL generation for module 'platform_onchip_memory'
Info: onchip_memory: "platform" instantiated altera_avalon_onchip_memory2 "onchip_memory"
Info: switch: Starting RTL generation for module 'platform_switch'
Info: switch:   Generation command is [exec /home/js/altera/15.1.0/quartus/linux64/perl/bin/perl -I /home/js/altera/15.1.0/quartus/linux64/perl/lib -I /home/js/altera/15.1.0/quartus/sopc_builder/bin/europa -I /home/js/altera/15.1.0/quartus/sopc_builder/bin/perl_lib -I /home/js/altera/15.1.0/quartus/sopc_builder/bin -I /home/js/altera/15.1.0/quartus/../ip/altera/sopc_builder_ip/common -I /home/js/altera/15.1.0/quartus/../ip/altera/sopc_builder_ip/altera_avalon_pio -- /home/js/altera/15.1.0/quartus/../ip/altera/sopc_builder_ip/altera_avalon_pio/generate_rtl.pl --name=platform_switch --dir=/tmp/alt8816_5118012060594566487.dir/0006_switch_gen/ --quartus_dir=/home/js/altera/15.1.0/quartus --verilog --config=/tmp/alt8816_5118012060594566487.dir/0006_switch_gen//platform_switch_component_configuration.pl  --do_build_sim=0  ]
Info: switch: Done RTL generation for module 'platform_switch'
Info: switch: "platform" instantiated altera_avalon_pio "switch"
Info: sys_id: "platform" instantiated altera_avalon_sysid_qsys "sys_id"
Info: sys_timer: Starting RTL generation for module 'platform_sys_timer'
Info: sys_timer:   Generation command is [exec /home/js/altera/15.1.0/quartus/linux64//perl/bin/perl -I /home/js/altera/15.1.0/quartus/linux64//perl/lib -I /home/js/altera/15.1.0/quartus/sopc_builder/bin/europa -I /home/js/altera/15.1.0/quartus/sopc_builder/bin/perl_lib -I /home/js/altera/15.1.0/quartus/sopc_builder/bin -I /home/js/altera/15.1.0/quartus/../ip/altera/sopc_builder_ip/common -I /home/js/altera/15.1.0/quartus/../ip/altera/sopc_builder_ip/altera_avalon_timer -- /home/js/altera/15.1.0/quartus/../ip/altera/sopc_builder_ip/altera_avalon_timer/generate_rtl.pl --name=platform_sys_timer --dir=/tmp/alt8816_5118012060594566487.dir/0008_sys_timer_gen/ --quartus_dir=/home/js/altera/15.1.0/quartus --verilog --config=/tmp/alt8816_5118012060594566487.dir/0008_sys_timer_gen//platform_sys_timer_component_configuration.pl  --do_build_sim=0  ]
Info: sys_timer: Done RTL generation for module 'platform_sys_timer'
Info: sys_timer: "platform" instantiated altera_avalon_timer "sys_timer"
Info: avalon_st_adapter: Inserting error_adapter: error_adapter_0
Info: avalon_st_adapter_001: Inserting error_adapter: error_adapter_0
Info: avalon_st_adapter_002: Inserting error_adapter: error_adapter_0
Info: avalon_st_adapter_003: Inserting error_adapter: error_adapter_0
Info: avalon_st_adapter_004: Inserting error_adapter: error_adapter_0
Info: avalon_st_adapter_005: Inserting error_adapter: error_adapter_0
Info: avalon_st_adapter_006: Inserting error_adapter: error_adapter_0
Info: avalon_st_adapter_007: Inserting error_adapter: error_adapter_0
Info: avalon_st_adapter_008: Inserting error_adapter: error_adapter_0
Info: avalon_st_adapter_009: Inserting error_adapter: error_adapter_0
Info: avalon_st_adapter_010: Inserting error_adapter: error_adapter_0
Info: avalon_st_adapter_011: Inserting error_adapter: error_adapter_0
Info: avalon_st_adapter_012: Inserting error_adapter: error_adapter_0
Info: avalon_st_adapter_013: Inserting error_adapter: error_adapter_0
Info: mm_interconnect_0: "platform" instantiated altera_mm_interconnect "mm_interconnect_0"
Info: irq_mapper: "platform" instantiated altera_irq_mapper "irq_mapper"
Info: rst_controller: "platform" instantiated altera_reset_controller "rst_controller"
Info: cpu: Starting RTL generation for module 'platform_cpu_cpu'
Info: cpu:   Generation command is [exec /home/js/altera/15.1.0/quartus/linux64//eperlcmd -I /home/js/altera/15.1.0/quartus/linux64//perl/lib -I /home/js/altera/15.1.0/quartus/sopc_builder/bin/europa -I /home/js/altera/15.1.0/quartus/sopc_builder/bin/perl_lib -I /home/js/altera/15.1.0/quartus/sopc_builder/bin -I /home/js/altera/15.1.0/quartus/../ip/altera/nios2_ip/altera_nios2_gen2/cpu_lib -I /home/js/altera/15.1.0/quartus/../ip/altera/nios2_ip/altera_nios2_gen2/nios_lib -I /home/js/altera/15.1.0/quartus/../ip/altera/nios2_ip/altera_nios2_gen2 -I /home/js/altera/15.1.0/quartus/../ip/altera/nios2_ip/altera_nios2_gen2 -- /home/js/altera/15.1.0/quartus/../ip/altera/nios2_ip/altera_nios2_gen2/generate_rtl.epl --name=platform_cpu_cpu --dir=/tmp/alt8816_5118012060594566487.dir/0011_cpu_gen/ --quartus_bindir=/home/js/altera/15.1.0/quartus/linux64/ --verilog --config=/tmp/alt8816_5118012060594566487.dir/0011_cpu_gen//platform_cpu_cpu_processor_configuration.pl  --do_build_sim=0  ]
Info: cpu: # 2021.07.08 12:17:48 (*) Starting Nios II generation
Info: cpu: # 2021.07.08 12:17:48 (*)   Checking for plaintext license.
Info: cpu: # 2021.07.08 12:17:57 (*)   Plaintext license not found.
Info: cpu: # 2021.07.08 12:17:57 (*)   No license required to generate encrypted Nios II/e.
Info: cpu: # 2021.07.08 12:17:57 (*)   Elaborating CPU configuration settings
Info: cpu: # 2021.07.08 12:17:57 (*)   Creating all objects for CPU
Info: cpu: # 2021.07.08 12:17:59 (*)   Generating RTL from CPU objects
Info: cpu: # 2021.07.08 12:17:59 (*)   Creating plain-text RTL
Info: cpu: # 2021.07.08 12:18:01 (*) Done Nios II generation
Info: cpu: Done RTL generation for module 'platform_cpu_cpu'
Info: cpu: "cpu" instantiated altera_nios2_gen2_unit "cpu"
Info: cpu_data_master_translator: "mm_interconnect_0" instantiated altera_merlin_master_translator "cpu_data_master_translator"
Info: jtag_uart_avalon_jtag_slave_translator: "mm_interconnect_0" instantiated altera_merlin_slave_translator "jtag_uart_avalon_jtag_slave_translator"
Info: cpu_data_master_agent: "mm_interconnect_0" instantiated altera_merlin_master_agent "cpu_data_master_agent"
Info: jtag_uart_avalon_jtag_slave_agent: "mm_interconnect_0" instantiated altera_merlin_slave_agent "jtag_uart_avalon_jtag_slave_agent"
Info: jtag_uart_avalon_jtag_slave_agent_rsp_fifo: "mm_interconnect_0" instantiated altera_avalon_sc_fifo "jtag_uart_avalon_jtag_slave_agent_rsp_fifo"
Info: router: "mm_interconnect_0" instantiated altera_merlin_router "router"
Info: router_001: "mm_interconnect_0" instantiated altera_merlin_router "router_001"
Info: router_002: "mm_interconnect_0" instantiated altera_merlin_router "router_002"
Info: router_004: "mm_interconnect_0" instantiated altera_merlin_router "router_004"
Info: cmd_demux: "mm_interconnect_0" instantiated altera_merlin_demultiplexer "cmd_demux"
Info: cmd_demux_001: "mm_interconnect_0" instantiated altera_merlin_demultiplexer "cmd_demux_001"
Info: cmd_mux: "mm_interconnect_0" instantiated altera_merlin_multiplexer "cmd_mux"
Info: cmd_mux_002: "mm_interconnect_0" instantiated altera_merlin_multiplexer "cmd_mux_002"
Info: Reusing file /media/sf_SF2/ml/O2B/platforms/quartus/basic/qsys/platform/synthesis/submodules/altera_merlin_arbitrator.sv
Info: rsp_demux: "mm_interconnect_0" instantiated altera_merlin_demultiplexer "rsp_demux"
Info: rsp_mux: "mm_interconnect_0" instantiated altera_merlin_multiplexer "rsp_mux"
Info: Reusing file /media/sf_SF2/ml/O2B/platforms/quartus/basic/qsys/platform/synthesis/submodules/altera_merlin_arbitrator.sv
Info: rsp_mux_001: "mm_interconnect_0" instantiated altera_merlin_multiplexer "rsp_mux_001"
Info: Reusing file /media/sf_SF2/ml/O2B/platforms/quartus/basic/qsys/platform/synthesis/submodules/altera_merlin_arbitrator.sv
Info: avalon_st_adapter: "mm_interconnect_0" instantiated altera_avalon_st_adapter "avalon_st_adapter"
Info: error_adapter_0: "avalon_st_adapter" instantiated error_adapter "error_adapter_0"
Info: platform: Done "platform" with 32 modules, 44 files
Info: qsys-generate succeeded.
Info: Finished: Create HDL design files for synthesis
