Flow report for top
Fri Jul 17 17:12:39 2020
Quartus Prime Version 15.1.0 Build 185 10/21/2015 SJ Lite Edition


---------------------
; Table of Contents ;
---------------------
  1. Legal Notice
  2. Flow Summary
  3. Flow Settings
  4. Flow Non-Default Global Settings
  5. Flow Elapsed Time
  6. Flow OS Summary
  7. Flow Log
  8. Flow Messages
  9. Flow Suppressed Messages



----------------
; Legal Notice ;
----------------
Copyright (C) 1991-2015 Altera Corporation. All rights reserved.
Your use of Altera Corporation's design tools, logic functions 
and other software and tools, and its AMPP partner logic 
functions, and any output files from any of the foregoing 
(including device programming or simulation files), and any 
associated documentation or information are expressly subject 
to the terms and conditions of the Altera Program License 
Subscription Agreement, the Altera Quartus Prime License Agreement,
the Altera MegaCore Function License Agreement, or other 
applicable license agreement, including, without limitation, 
that your use is for the sole purpose of programming logic 
devices manufactured by Altera and sold by Altera or its 
authorized distributors.  Please refer to the applicable 
agreement for further details.



+----------------------------------------------------------------------------------+
; Flow Summary                                                                     ;
+------------------------------------+---------------------------------------------+
; Flow Status                        ; Successful - Fri Jul 17 17:12:09 2020       ;
; Quartus Prime Version              ; 15.1.0 Build 185 10/21/2015 SJ Lite Edition ;
; Revision Name                      ; top                                         ;
; Top-level Entity Name              ; DE10_LITE_Golden_Top                        ;
; Family                             ; MAX 10                                      ;
; Device                             ; 10M50DAF484C6GES                            ;
; Timing Models                      ; Preliminary                                 ;
; Total logic elements               ; 2,385 / 49,760 ( 5 % )                      ;
;     Total combinational functions  ; 2,144 / 49,760 ( 4 % )                      ;
;     Dedicated logic registers      ; 1,286 / 49,760 ( 3 % )                      ;
; Total registers                    ; 1286                                        ;
; Total pins                         ; 71 / 360 ( 20 % )                           ;
; Total virtual pins                 ; 0                                           ;
; Total memory bits                  ; 1,059,840 / 1,677,312 ( 63 % )              ;
; Embedded Multiplier 9-bit elements ; 0 / 288 ( 0 % )                             ;
; Total PLLs                         ; 0 / 4 ( 0 % )                               ;
; UFM blocks                         ; 0 / 1 ( 0 % )                               ;
; ADC blocks                         ; 0 / 2 ( 0 % )                               ;
+------------------------------------+---------------------------------------------+


+-----------------------------------------+
; Flow Settings                           ;
+-------------------+---------------------+
; Option            ; Setting             ;
+-------------------+---------------------+
; Start date & time ; 07/17/2020 17:08:45 ;
; Main task         ; Compilation         ;
; Revision Name     ; top                 ;
+-------------------+---------------------+


+------------------------------------------------------------------------------------------------------------------------------------------------------------------+
; Flow Non-Default Global Settings                                                                                                                                 ;
+-------------------------------------+------------------------------------------------------------------------+---------------+----------------------+------------+
; Assignment Name                     ; Value                                                                  ; Default Value ; Entity Name          ; Section Id ;
+-------------------------------------+------------------------------------------------------------------------+---------------+----------------------+------------+
; COMPILER_SIGNATURE_ID               ; 8796759670293.159499852526470                                          ; --            ; --                   ; --         ;
; MAX_CORE_JUNCTION_TEMP              ; 85                                                                     ; --            ; --                   ; --         ;
; MIN_CORE_JUNCTION_TEMP              ; 0                                                                      ; --            ; --                   ; --         ;
; MISC_FILE                           ; ../qsys/nios_128k_extended/synthesis/../nios_128k_extended.cmp         ; --            ; --                   ; --         ;
; MISC_FILE                           ; ../qsys/nios_128k_extended/synthesis/../../nios_128k_extended.qsys     ; --            ; --                   ; --         ;
; PARTITION_COLOR                     ; 16764057                                                               ; --            ; DE10_LITE_Golden_Top ; Top        ;
; PARTITION_FITTER_PRESERVATION_LEVEL ; PLACEMENT_AND_ROUTING                                                  ; --            ; DE10_LITE_Golden_Top ; Top        ;
; PARTITION_NETLIST_TYPE              ; SOURCE                                                                 ; --            ; DE10_LITE_Golden_Top ; Top        ;
; POWER_BOARD_THERMAL_MODEL           ; None (CONSERVATIVE)                                                    ; --            ; --                   ; --         ;
; POWER_PRESET_COOLING_SOLUTION       ; 23 MM HEAT SINK WITH 200 LFPM AIRFLOW                                  ; --            ; --                   ; --         ;
; PROJECT_OUTPUT_DIRECTORY            ; output_files                                                           ; --            ; --                   ; --         ;
; SLD_FILE                            ; ../qsys/nios_128k_extended/synthesis/nios_128k_extended.regmap         ; --            ; --                   ; --         ;
; SLD_FILE                            ; ../qsys/nios_128k_extended/synthesis/nios_128k_extended.debuginfo      ; --            ; --                   ; --         ;
; SLD_INFO                            ; QSYS_NAME nios_128k_extended HAS_SOPCINFO 1 GENERATION_ID 1594998267   ; --            ; nios_128k_extended   ; --         ;
; SOPCINFO_FILE                       ; ../qsys/nios_128k_extended/synthesis/../../nios_128k_extended.sopcinfo ; --            ; --                   ; --         ;
; SYNTHESIS_ONLY_QIP                  ; On                                                                     ; --            ; --                   ; --         ;
; TOP_LEVEL_ENTITY                    ; DE10_LITE_Golden_Top                                                   ; top           ; --                   ; --         ;
+-------------------------------------+------------------------------------------------------------------------+---------------+----------------------+------------+


+-------------------------------------------------------------------------------------------------------------------------------+
; Flow Elapsed Time                                                                                                             ;
+---------------------------+--------------+-------------------------+---------------------+------------------------------------+
; Module Name               ; Elapsed Time ; Average Processors Used ; Peak Virtual Memory ; Total CPU Time (on all processors) ;
+---------------------------+--------------+-------------------------+---------------------+------------------------------------+
; Analysis & Synthesis      ; 00:01:46     ; 1.0                     ; 1330 MB             ; 00:01:24                           ;
; Fitter                    ; 00:01:04     ; 1.0                     ; 1494 MB             ; 00:00:55                           ;
; Assembler                 ; 00:00:08     ; 1.0                     ; 1033 MB             ; 00:00:05                           ;
; TimeQuest Timing Analyzer ; 00:00:20     ; 1.0                     ; 1107 MB             ; 00:00:17                           ;
; Total                     ; 00:03:18     ; --                      ; --                  ; 00:02:41                           ;
+---------------------------+--------------+-------------------------+---------------------+------------------------------------+


+-----------------------------------------------------------------------------------------+
; Flow OS Summary                                                                         ;
+---------------------------+------------------+------------+------------+----------------+
; Module Name               ; Machine Hostname ; OS Name    ; OS Version ; Processor type ;
+---------------------------+------------------+------------+------------+----------------+
; Analysis & Synthesis      ; LM               ; Linux Mint ; 19         ; x86_64         ;
; Fitter                    ; LM               ; Linux Mint ; 19         ; x86_64         ;
; Assembler                 ; LM               ; Linux Mint ; 19         ; x86_64         ;
; TimeQuest Timing Analyzer ; LM               ; Linux Mint ; 19         ; x86_64         ;
+---------------------------+------------------+------------+------------+----------------+


------------
; Flow Log ;
------------
quartus_map --read_settings_files=on --write_settings_files=off top -c top
quartus_fit --read_settings_files=off --write_settings_files=off top -c top
quartus_asm --read_settings_files=off --write_settings_files=off top -c top
quartus_sta top -c top



