Restore Archived Project report for top
Wed Jun 24 17:31:30 2020
Quartus Prime Version 15.1.0 Build 185 10/21/2015 SJ Standard Edition


---------------------
; Table of Contents ;
---------------------
  1. Legal Notice
  2. Restore Archived Project Summary
  3. Restore Archived Project Messages
  4. Files Restored
  5. Files Not Restored



----------------
; Legal Notice ;
----------------
Copyright (C) 1991-2015 Altera Corporation. All rights reserved.
Your use of Altera Corporation's design tools, logic functions 
and other software and tools, and its AMPP partner logic 
functions, and any output files from any of the foregoing 
(including device programming or simulation files), and any 
associated documentation or information are expressly subject 
to the terms and conditions of the Altera Program License 
Subscription Agreement, the Altera Quartus Prime License Agreement,
the Altera MegaCore Function License Agreement, or other 
applicable license agreement, including, without limitation, 
that your use is for the sole purpose of programming logic 
devices manufactured by Altera and sold by Altera or its 
authorized distributors.  Please refer to the applicable 
agreement for further details.



+-------------------------------------------------------------------------+
; Restore Archived Project Summary                                        ;
+---------------------------------+---------------------------------------+
; Restore Archived Project Status ; Successful - Wed Jun 24 17:31:30 2020 ;
; Revision Name                   ; top                                   ;
; Top-level Entity Name           ; DE10_LITE_Golden_Top                  ;
; Family                          ; MAX 10                                ;
+---------------------------------+---------------------------------------+


+-----------------------------------+
; Restore Archived Project Messages ;
+-----------------------------------+
Info: Successfully restored 'F:/vhdl/BOARDS/DE10-Lite/DE10_Lite_qsys_workshop/DE10_Lite.qar' into the 'F:/vhdl/BOARDS/DE10-Lite/DE10_Lite_qsys_workshop/DE10_Lite_restored/' directory
Info: Generated report 'top.restore.rpt'
Error (23031): Evaluation of Tcl script c:/altera/15.1/quartus/common/tcl/apps/qpm/qar.tcl unsuccessful
Error: Quartus Prime Shell was unsuccessful. 3 errors, 0 warnings
    Error: Peak virtual memory: 636 megabytes
    Error: Processing ended: Wed Jun 24 17:31:30 2020
    Error: Elapsed time: 00:00:01
    Error: Total CPU time (on all processors): 00:00:01


+-----------------------------+
; Files Restored              ;
+-----------------------------+
; File Name                   ;
+-----------------------------+
; qar_info.json               ;
; assignment_defaults.qdf     ;
; de10_lite_golden_top.v      ;
; top.qpf                     ;
; top.qsf                     ;
; top_assignment_defaults.qdf ;
+-----------------------------+


+--------------------+
; Files Not Restored ;
+--------------------+
; File Name          ;
+--------------------+


